2023-01-24 15:51:18-log: [Package] menu@1.0.0 enable
2023-01-24 15:51:18-log: [Package] profile@1.0.0 enable
2023-01-24 15:51:18-log: [Package] project@1.0.1 enable
2023-01-24 15:51:18-log: [Package] messages@1.0.0 enable
2023-01-24 15:51:18-log: [Package] program@1.0.0 enable
2023-01-24 15:51:18-log: [Package] device@1.0.1 enable
2023-01-24 15:51:18-log: [Package] ui-kit@1.0.1 enable
2023-01-24 15:51:18-log: [Package] tester@1.0.0 enable
2023-01-24 15:51:18-log: [Package] preferences@1.0.0 enable
2023-01-24 15:51:19-log: Setup mods mgr.: 312.937ms
2023-01-24 15:51:19-log: [Package] engine@1.0.5 enable
2023-01-24 15:51:22-log: [Package] programming@1.0.0 enable
2023-01-24 15:51:22-log: [Package] engine-extends@1.0.0 enable
2023-01-24 15:51:23-log: [Package] asset-db@1.0.0 enable
2023-01-24 15:51:23-log: [Package] console@1.0.0 enable
2023-01-24 15:51:23-log: [Package] scene@1.0.0 enable
2023-01-24 15:51:23-log: [Package] about@1.0.0 enable
2023-01-24 15:51:23-log: [Package] server@1.0.0 enable
2023-01-24 15:51:23-log: [Package] hierarchy@1.0.0 enable
2023-01-24 15:51:25-log: [Package] preview@1.0.1 enable
2023-01-24 15:51:25-log: [Package] animator@1.0.0 enable
2023-01-24 15:51:26-log: [Package] builder@1.3.0 enable
2023-01-24 15:51:26-log: [Package] node-library@1.0.0 enable
2023-01-24 15:51:26-log: [Package] shortcuts@1.0.1 enable
2023-01-24 15:51:26-log: [Package] package-asset@1.0.0 enable
2023-01-24 15:51:26-log: [Package] reference-image@1.0.0 enable
2023-01-24 15:51:26-log: [Package] animation-graph@1.0.0 enable
2023-01-24 15:51:26-log: [Package] channel-upload-tools@1.0.0 enable
2023-01-24 15:51:26-log: [Package] runtime-dev-tools@1.0.0 enable
2023-01-24 15:51:26-log: [Package] lightmap@1.0.4 enable
2023-01-24 15:51:26-log: [Package] alipay-mini-game@1.0.0 enable
2023-01-24 15:51:27-log: [Package] android@1.0.0 enable
2023-01-24 15:51:27-log: [Package] baidu-mini-game@1.0.0 enable
2023-01-24 15:51:27-log: [Package] bytedance-mini-game@1.0.1 enable
2023-01-24 15:51:27-log: [Package] huawei-agc@1.0.0 enable
2023-01-24 15:51:27-log: [Package] ios@1.0.0 enable
2023-01-24 15:51:27-log: [Package] ios-app-clip@1.0.0 enable
2023-01-24 15:51:27-log: [Package] mac@1.0.0 enable
2023-01-24 15:51:27-log: [Package] native@1.0.0 enable
2023-01-24 15:51:27-log: [Package] ohos@1.0.0 enable
2023-01-24 15:51:27-log: [Package] web-desktop@1.0.0 enable
2023-01-24 15:51:27-log: [Package] web-mobile@1.0.0 enable
2023-01-24 15:51:27-log: [Package] wechatgame@1.0.1 enable
2023-01-24 15:51:27-log: [Package] windows@1.0.0 enable
2023-01-24 15:51:27-log: [Package] xiaomi-quick-game@1.0.0 enable
2023-01-24 15:51:27-log: [Package] cocos-play@1.0.0 enable
2023-01-24 15:51:27-log: [Package] huawei-quick-game@1.0.0 enable
2023-01-24 15:51:27-log: [Package] link-sure@1.0.0 enable
2023-01-24 15:51:27-log: [Package] oppo-mini-game@1.0.0 enable
2023-01-24 15:51:27-log: [Package] qtt@1.0.0 enable
2023-01-24 15:51:27-log: [Package] vivo-mini-game@1.0.0 enable
2023-01-24 15:51:28-log: [Package] cocos-service@3.0.2 enable
2023-01-24 15:51:28-log: [Package] importer@1.0.0 enable
2023-01-24 15:51:28-log: [Package] extension@3.0.13 enable
2023-01-24 15:51:28-log: [Im-plugin] Check im-plugin version.
2023-01-24 15:51:28-log: [Package] im-plugin@3.0.8 enable
2023-01-24 15:51:30-warn: Browserslist: caniuse-lite is outdated. Please run:
npx browserslist@latest --update-db

Why you should do it regularly:
https://github.com/browserslist/browserslist#browsers-data-updating
2023-01-24 15:51:31-log: [Scene] begin init
2023-01-24 15:51:31-log: [Scene] require engine end
2023-01-24 15:51:31-log: [Scene] Serialize end
2023-01-24 15:51:31-log: [Scene] configureStartup end
2023-01-24 15:51:31-log: [Scene] Cocos Creator v3.4.0
2023-01-24 15:51:31-log: [Im-plugin] No online info of im-plugin.
2023-01-24 15:51:31-info: [Scene] Forward render pipeline initialized.
2023-01-24 15:51:31-log: [Scene] openEngine end
2023-01-24 15:51:31-log: [Scene] configureEngine end
