16-01-2023 17:30-debug: Start record console... {file(/Users/playgendary/wn/test_rockstone/temp/builder/log/web-desktop16-01-2023 17-30.log)}
16-01-2023 17:30-debug: =================================== Build Task (web-desktop) Start ================================
16-01-2023 17:30-debug: Start build task, options:{"name":"test_rockstone","platform":"web-desktop","buildPath":"project://build","debug":false,"md5Cache":true,"sourceMaps":false,"replaceSplashScreen":false,"mainBundleCompressionType":"merge_all_json","mainBundleIsRemote":false,"mergeStartScene":false,"experimentalEraseModules":false,"compressTexture":true,"packAutoAtlas":true,"startScene":"a0093c19-94d4-4e3b-af25-03da669bf088","scenes":[{"url":"db://assets/scene/scene.scene","uuid":"a0093c19-94d4-4e3b-af25-03da669bf088","inBundle":false}],"outputName":"web-desktop","packages":{"web-desktop":{"resolution":{"designWidth":640,"designHeight":960},"polyfills":{"asyncFunctions":false}},"cocos-service":{"configID":"f34fdc","services":[]}}}
16-01-2023 17:30-debug: Build with Cocos Creator 3.4.0
16-01-2023 17:30-debug: cocos-service:(onBeforeBuild) start...0%
16-01-2023 17:30-debug: // ---- cocos-service:(onBeforeBuild) ----
16-01-2023 17:30-debug: Process: heapTotal 203.29MB heapUsed 192.65MB rss 798.06MB
16-01-2023 17:30-debug: // ---- cocos-service:(onBeforeBuild) success ----
16-01-2023 17:30-debug: cocos-service:(onBeforeBuild)3%
16-01-2023 17:30-debug: Query all assets info in project
16-01-2023 17:30-debug: init custom config: keepNodeUuid: false, useCache: true
16-01-2023 17:30-debug: BuildAssetLibrary query-assets with assets 220
16-01-2023 17:30-debug:   Number of other assets: 330
16-01-2023 17:30-debug: web-desktop:(onAfterInit) start...3%
16-01-2023 17:30-debug: // ---- web-desktop:(onAfterInit) ----
16-01-2023 17:30-debug: Process: heapTotal 203.48MB heapUsed 193.65MB rss 798.08MB
16-01-2023 17:30-debug: // ---- web-desktop:(onAfterInit) success ----
16-01-2023 17:30-debug: web-desktop:(onAfterInit)5%
16-01-2023 17:30-debug: Reload project scripts start5%
16-01-2023 17:30-log: // ---- Reload project scripts ----
16-01-2023 17:30-debug: Process: heapTotal 203.48MB heapUsed 193.67MB rss 798.08MB
16-01-2023 17:30-debug: reload all scripts.
16-01-2023 17:30-debug:   Number of all scripts: 6
16-01-2023 17:30-debug: BuildAssetLibrary initialized with asset 308!
16-01-2023 17:30-debug:   Number of all scenes: 1
16-01-2023 17:30-debug: Incremental keys: 
16-01-2023 17:30-debug: Unregister FieldWatcher
16-01-2023 17:30-debug: Invalidating 'pack:///mods/cce/internal/x/prerequisite-imports.js'
16-01-2023 17:30-debug: Invalidating 'pack:///mods/cce/internal/x/cc.js'
16-01-2023 17:30-debug: Invalidating 'pack:///mods/cce/internal/code-quality/cr.js'
16-01-2023 17:30-debug: Invalidating 'pack:///mods/fs/0/assets/scripts/FieldWatcher.js'
16-01-2023 17:30-debug: Invalidating 'pack:///mods/fs/0/assets/scripts/ItemType.js'
16-01-2023 17:30-debug: Invalidating 'pack:///mods/fs/0/assets/scripts/Item.js'
16-01-2023 17:30-debug: Invalidating 'pack:///mods/fs/0/assets/scripts/InputType.js'
16-01-2023 17:30-debug: Invalidating 'pack:///mods/fs/0/assets/scripts/InputCatcher.js'
16-01-2023 17:30-debug: [[Executor]] Module "pack:///mods/cce/internal/x/prerequisite-imports.js" loaded.
16-01-2023 17:30-debug: [[Executor]] Module "pack:///mods/fs/0/assets/scripts/Events.js" loaded.
16-01-2023 17:30-debug: [[Executor]] Module "pack:///mods/cce/internal/x/cc.js" loaded.
16-01-2023 17:30-debug: [[Executor]] Module "pack:///mods/cce/internal/code-quality/cr.js" loaded.
16-01-2023 17:30-debug: [[Executor]] Module "pack:///mods/fs/0/assets/scripts/ItemType.js" loaded.
16-01-2023 17:30-debug: [[Executor]] Module "pack:///mods/fs/0/assets/scripts/InputType.js" loaded.
16-01-2023 17:30-debug: [[Executor]] Register Item
16-01-2023 17:30-debug: [[Executor]] Module "pack:///mods/fs/0/assets/scripts/Item.js" loaded.
16-01-2023 17:30-debug: [[Executor]] Register FieldWatcher
16-01-2023 17:30-debug: [[Executor]] Module "pack:///mods/fs/0/assets/scripts/FieldWatcher.js" loaded.
16-01-2023 17:30-debug: [[Executor]] Register InputCatcher
16-01-2023 17:30-debug: [[Executor]] Module "pack:///mods/fs/0/assets/scripts/InputCatcher.js" loaded.
16-01-2023 17:30-debug: [[Executor]] Module "pack:///mods/cce/internal/x/prerequisite-imports.js" loaded.
16-01-2023 17:30-debug: Reload project scripts √6%
16-01-2023 17:30-debug: Query asset bundle start6%
16-01-2023 17:30-log: // ---- Query asset bundle ----
16-01-2023 17:30-debug: Process: heapTotal 203.29MB heapUsed 193.47MB rss 798.25MB
16-01-2023 17:30-debug: Unregister InputCatcher
16-01-2023 17:30-debug: Unregister Item
16-01-2023 17:30-debug: Invalidating 'pack:///mods/fs/0/assets/scripts/Events.js'
16-01-2023 17:30-debug: Query asset bundle √8%
16-01-2023 17:30-log: // ---- Query and organize assets ----
16-01-2023 17:30-debug: Process: heapTotal 203.29MB heapUsed 193.51MB rss 798.25MB
16-01-2023 17:30-debug: Query and organize assets start8%
16-01-2023 17:30-debug: Number of scenes: 1
16-01-2023 17:30-debug: Number of asset bundle: 1
16-01-2023 17:30-log: // ---- Organize scripts ----
16-01-2023 17:30-debug: Process: heapTotal 203.29MB heapUsed 193.57MB rss 798.26MB
16-01-2023 17:30-debug: sort script group...
16-01-2023 17:30-debug: Organize scripts √10%
16-01-2023 17:30-debug: Organize texture compression tasks start10%
16-01-2023 17:30-log: // ---- Organize texture compression tasks ----
16-01-2023 17:30-debug: Process: heapTotal 203.29MB heapUsed 193.58MB rss 798.27MB
16-01-2023 17:30-debug: Number of assets: 19
16-01-2023 17:30-debug: Organize scripts start9%
16-01-2023 17:30-debug: Query and organize assets √9%
16-01-2023 17:30-debug: Number of image-compress task: 0
16-01-2023 17:30-debug: Organize texture compression tasks √11%
16-01-2023 17:30-debug: Group json start11%
16-01-2023 17:30-log: // ---- Group json ----
16-01-2023 17:30-debug: Process: heapTotal 203.29MB heapUsed 193.65MB rss 798.27MB
16-01-2023 17:30-debug: Number of json group: 1
16-01-2023 17:30-debug: Group json √12%
16-01-2023 17:30-debug: Merging Texture2D json start12%
16-01-2023 17:30-log: // ---- Merging Texture2D json ----
16-01-2023 17:30-debug: Process: heapTotal 203.29MB heapUsed 193.67MB rss 798.27MB
16-01-2023 17:30-debug: Merging Texture2D json √14%
16-01-2023 17:30-debug:  start14%
16-01-2023 17:30-log: // ----  ----
16-01-2023 17:30-debug: Process: heapTotal 203.29MB heapUsed 193.68MB rss 798.27MB
16-01-2023 17:30-debug:  √15%
16-01-2023 17:30-debug: web-desktop:(onBeforeBuildAssets) start...15%
16-01-2023 17:30-debug: // ---- web-desktop:(onBeforeBuildAssets) ----
16-01-2023 17:30-debug: Process: heapTotal 203.29MB heapUsed 193.69MB rss 798.27MB
16-01-2023 17:30-debug: // ---- web-desktop:(onBeforeBuildAssets) success ----
16-01-2023 17:30-debug: web-desktop:(onBeforeBuildAssets)18%
16-01-2023 17:30-debug:  start18%
16-01-2023 17:30-log: // ----  ----
16-01-2023 17:30-debug: Process: heapTotal 203.29MB heapUsed 193.71MB rss 798.28MB
16-01-2023 17:30-debug: Build script18%
16-01-2023 17:30-debug: Process: heapTotal 226.29MB heapUsed 202.54MB rss 800.07MB
16-01-2023 17:30-debug: Copy externalScripts success!
16-01-2023 17:30-debug: Build script√18%
16-01-2023 17:30-debug: Build engine18%
16-01-2023 17:30-debug: Process: heapTotal 234.54MB heapUsed 202.94MB rss 800.56MB
16-01-2023 17:30-debug: {"debug":false,"sourceMaps":false,"includeModules":["base","gfx-webgl","gfx-webgl2","2d","ui","physics-2d-box2d","intersection-2d","profiler","particle-2d","audio","video","webview","tween","tiled-map","spine","dragon-bones","marionette"],"engineVersion":"3.4.0","platform":"HTML5","md5Map":[],"engineName":"cocos-js","useCache":true,"ammoJsWasm":"fallback","assetURLFormat":"runtime-resolved","entry":"/Applications/CocosCreator/Creator/3.4.0/CocosCreator.app/Contents/Resources/resources/3d/engine"}
16-01-2023 17:30-debug: Use cache engine: {link(/var/folders/21/cqxjnf615pj7f298bf7khyp80000gq/T/CocosCreator/3.4.0/builder/engine/cccb2607409b3f01a0cc2c5fc29869c9)}
16-01-2023 17:30-debug: Build engine√18%
16-01-2023 17:30-debug: Process: heapTotal 234.54MB heapUsed 204.47MB rss 800.58MB
16-01-2023 17:30-debug: Build auto-atlas √31%
16-01-2023 17:30-debug: Compress Image start31%
16-01-2023 17:30-log: // ---- Compress Image ----
16-01-2023 17:30-debug: Process: heapTotal 234.54MB heapUsed 204.49MB rss 800.59MB
16-01-2023 17:30-debug: Compress Image √37%
16-01-2023 17:30-debug: Copy the resource start37%
16-01-2023 17:30-log: // ---- Copy the resource ----
16-01-2023 17:30-debug: Process: heapTotal 234.54MB heapUsed 204.50MB rss 800.59MB
16-01-2023 17:30-debug:  √24%
16-01-2023 17:30-debug: Build auto-atlas start24%
16-01-2023 17:30-log: // ---- Build auto-atlas ----
16-01-2023 17:30-debug: Asset Bundle(main) handle assets: 19
16-01-2023 17:30-debug: Build the grouped json and scatter files to the specified location start44%
16-01-2023 17:30-debug: Copy the resource √44%
16-01-2023 17:30-debug: Process: heapTotal 234.54MB heapUsed 200.19MB rss 800.60MB
16-01-2023 17:30-log: // ---- Build the grouped json and scatter files to the specified location ----
16-01-2023 17:30-debug: Json group(build-task/json) compile success，json number: 6
16-01-2023 17:30-debug: Compress zip bundle start51%
16-01-2023 17:30-debug: Compress zip bundle √57%
16-01-2023 17:30-debug: Add md5 suffix to assets start57%
16-01-2023 17:30-log: // ---- Add md5 suffix to assets ----
16-01-2023 17:30-debug: Process: heapTotal 234.54MB heapUsed 201.32MB rss 800.62MB
16-01-2023 17:30-debug: Build the grouped json and scatter files to the specified location √51%
16-01-2023 17:30-debug: Process: heapTotal 234.54MB heapUsed 201.30MB rss 800.61MB
16-01-2023 17:30-log: // ---- Compress zip bundle ----
16-01-2023 17:30-debug: add suffix to assets(5) success!
16-01-2023 17:30-debug: Process: heapTotal 234.54MB heapUsed 201.49MB rss 803.62MB
16-01-2023 17:30-debug: Init settings and config √68%
16-01-2023 17:30-debug: tasks.settings.macro does not defined in i18n
16-01-2023 17:30-debug: tasks.settings.macro start68%
16-01-2023 17:30-log: // ---- tasks.settings.macro ----
16-01-2023 17:30-debug: Process: heapTotal 234.54MB heapUsed 201.50MB rss 803.62MB
16-01-2023 17:30-debug: Add md5 suffix to assets √68%
16-01-2023 17:30-debug: Init settings and config start68%
16-01-2023 17:30-log: // ---- Init settings and config ----
16-01-2023 17:30-debug: tasks.settings.macro √69%
16-01-2023 17:30-debug: Use cached settings start69%
16-01-2023 17:30-log: // ---- Use cached settings ----
16-01-2023 17:30-debug: Process: heapTotal 234.54MB heapUsed 201.54MB rss 803.63MB
16-01-2023 17:30-debug: Use cached settings √69%
16-01-2023 17:30-debug: custom joint texture layouts start69%
16-01-2023 17:30-log: // ---- custom joint texture layouts ----
16-01-2023 17:30-debug: Process: heapTotal 234.54MB heapUsed 201.60MB rss 803.63MB
16-01-2023 17:30-debug: custom joint texture layouts √70%
16-01-2023 17:30-log: // ---- custom joint physics ----
16-01-2023 17:30-debug: custom joint physics start70%
16-01-2023 17:30-debug: Process: heapTotal 234.54MB heapUsed 201.62MB rss 803.63MB
16-01-2023 17:30-debug: custom joint physics √70%
16-01-2023 17:30-debug: Fill script data to settings start70%
16-01-2023 17:30-log: // ---- Fill script data to settings ----
16-01-2023 17:30-debug: Process: heapTotal 234.54MB heapUsed 201.63MB rss 803.63MB
16-01-2023 17:30-debug: Fill script data to settings √71%
16-01-2023 17:30-debug: Fill scene data to settings start71%
16-01-2023 17:30-log: // ---- Fill scene data to settings ----
16-01-2023 17:30-debug: Process: heapTotal 234.54MB heapUsed 201.65MB rss 803.63MB
16-01-2023 17:30-debug: Fill scene data to settings √71%
16-01-2023 17:30-debug: Organize assets groups，generate packedAssets and rawAssets data start71%
16-01-2023 17:30-log: // ---- Organize assets groups，generate packedAssets and rawAssets data ----
16-01-2023 17:30-debug: Process: heapTotal 234.54MB heapUsed 201.66MB rss 803.63MB
16-01-2023 17:30-debug: Organize assets groups，generate packedAssets and rawAssets data √72%
16-01-2023 17:30-debug: Generate md5AssetsMap from suffixMap to settings start72%
16-01-2023 17:30-log: // ---- Generate md5AssetsMap from suffixMap to settings ----
16-01-2023 17:30-debug: Process: heapTotal 234.54MB heapUsed 201.67MB rss 803.63MB
16-01-2023 17:30-debug: Generate md5AssetsMap from suffixMap to settings √72%
16-01-2023 17:30-debug: web-desktop:(onBeforeCompressSettings) start...72%
16-01-2023 17:30-debug: // ---- web-desktop:(onBeforeCompressSettings) ----
16-01-2023 17:30-debug: Process: heapTotal 234.54MB heapUsed 201.69MB rss 803.63MB
16-01-2023 17:30-debug: // ---- web-desktop:(onBeforeCompressSettings) success ----
16-01-2023 17:30-debug: cocos-service:(onBeforeCompressSettings) start...75%
16-01-2023 17:30-debug: web-desktop:(onBeforeCompressSettings)75%
16-01-2023 17:30-debug: // ---- cocos-service:(onBeforeCompressSettings) ----
16-01-2023 17:30-debug: Process: heapTotal 234.54MB heapUsed 201.70MB rss 803.63MB
16-01-2023 17:30-debug: cocos-service:(onBeforeCompressSettings)77%
16-01-2023 17:30-debug: // ---- cocos-service:(onBeforeCompressSettings) success ----
16-01-2023 17:30-debug:  start77%
16-01-2023 17:30-log: // ----  ----
16-01-2023 17:30-debug: Process: heapTotal 234.54MB heapUsed 201.81MB rss 803.63MB
16-01-2023 17:30-debug:  √78%
16-01-2023 17:30-debug: Compress settings.json and config.json start78%
16-01-2023 17:30-log: // ---- Compress settings.json and config.json ----
16-01-2023 17:30-debug: Process: heapTotal 234.54MB heapUsed 201.84MB rss 803.63MB
16-01-2023 17:30-debug: Compress settings.json and config.json √79%
16-01-2023 17:30-debug: Save config.json start79%
16-01-2023 17:30-log: // ---- Save config.json ----
16-01-2023 17:30-debug: Process: heapTotal 234.54MB heapUsed 201.87MB rss 803.63MB
16-01-2023 17:30-debug: Save config.json √80%
16-01-2023 17:30-debug: Save Settings.json start80%
16-01-2023 17:30-log: // ---- Save Settings.json ----
16-01-2023 17:30-debug: Process: heapTotal 234.54MB heapUsed 201.89MB rss 803.63MB
16-01-2023 17:30-debug: Save Settings.json √81%
16-01-2023 17:30-debug: Sort build template start81%
16-01-2023 17:30-log: // ---- Sort build template ----
16-01-2023 17:30-debug: Process: heapTotal 234.54MB heapUsed 202.07MB rss 803.64MB
16-01-2023 17:30-debug: Sort build template √82%
16-01-2023 17:30-debug: cocos-service:(onAfterCompressSettings) start...82%
16-01-2023 17:30-debug: // ---- cocos-service:(onAfterCompressSettings) ----
16-01-2023 17:30-debug: Process: heapTotal 234.54MB heapUsed 201.05MB rss 803.64MB
16-01-2023 17:30-debug: // ---- cocos-service:(onAfterCompressSettings) success ----
16-01-2023 17:30-debug: cocos-service:(onAfterCompressSettings)85%
16-01-2023 17:30-debug: web-desktop:(onAfterBuild) start...85%
16-01-2023 17:30-debug: // ---- web-desktop:(onAfterBuild) ----
16-01-2023 17:30-debug: Process: heapTotal 234.54MB heapUsed 201.18MB rss 803.64MB
16-01-2023 17:30-debug: // ---- web-desktop:(onAfterBuild) success ----
16-01-2023 17:30-debug: web-desktop:(onAfterBuild)87%
16-01-2023 17:30-debug: cocos-service:(onAfterBuild) start...87%
16-01-2023 17:30-debug: // ---- cocos-service:(onAfterBuild) ----
16-01-2023 17:30-debug: Process: heapTotal 234.54MB heapUsed 203.00MB rss 803.64MB
16-01-2023 17:30-debug: // ---- cocos-service:(onAfterBuild) success ----
16-01-2023 17:30-debug: cocos-service:(onAfterBuild)90%
16-01-2023 17:30-debug: build success in 5677 ms!
16-01-2023 17:30-debug: Stop record console. {file(/Users/playgendary/wn/test_rockstone/temp/builder/log/web-desktop16-01-2023 17-30.log)}
