debug: Wed, 25 Jan 2023 11:56:07 GMT
debug: Project: /Users/playgendary/wn/1/test_rockstone
debug: Targets: editor,preview
debug: Incremental file seems great.
debug: Engine path: /Applications/CocosCreator/Creator/3.7.0/CocosCreator.app/Contents/Resources/resources/3d/engine
debug: Initializing target [Editor]
debug: Loading cache
debug: Loading cache costs 2.046771999448538ms.
debug: Engine features shipped in editor: base,gfx-webgl,gfx-webgl2,gfx-empty,3d,animation,skeletal-animation,2d,ui,particle,particle-2d,physics-framework,physics-2d-framework,intersection-2d,primitive,profiler,occlusion-query,geometry-renderer,debug-renderer,audio,video,xr,light-probe,terrain,webview,tween,tiled-map,spine,dragon-bones,marionette,custom-pipeline,websocket,websocket-server
debug: Our import map(foo:/bar): {
  "imports": {
    "cc": "cce:/internal/x/cc"
  }
}
debug: Initializing target [Preview]
debug: Loading cache
debug: Loading cache costs 1.6995529998093843ms.
debug: Our import map(foo:/bar): {
  "imports": {
    "cc": "cce:/internal/x/cc"
  }
}
debug: Sync engine features: 2d,animation,audio,base,dragon-bones,gfx-webgl,gfx-webgl2,intersection-2d,light-probe,marionette,particle-2d,physics-2d-box2d,profiler,skeletal-animation,spine,tiled-map,tween,ui,video,websocket,webview
debug: Reset databases. Enumerated domains: [
  {
    "root": "db://internal/",
    "physical": "/Applications/CocosCreator/Creator/3.7.0/CocosCreator.app/Contents/Resources/resources/3d/engine/editor/assets"
  },
  {
    "root": "db://assets/",
    "physical": "/Users/playgendary/wn/1/test_rockstone/assets"
  }
]
debug: Our import map(foo:/bar): {
  "imports": {
    "cc": "cce:/internal/x/cc",
    "db://internal/": "file:///Applications/CocosCreator/Creator/3.7.0/CocosCreator.app/Contents/Resources/resources/3d/engine/editor/assets/",
    "db://assets/": "file:///Users/playgendary/wn/1/test_rockstone/assets/"
  }
}
debug: Our import map(foo:/bar): {
  "imports": {
    "cc": "cce:/internal/x/cc",
    "db://internal/": "file:///Applications/CocosCreator/Creator/3.7.0/CocosCreator.app/Contents/Resources/resources/3d/engine/editor/assets/",
    "db://assets/": "file:///Users/playgendary/wn/1/test_rockstone/assets/"
  }
}
debug: Pulling asset-db.
debug: Fetch asset-db cost: 33.55865199863911ms.
debug: Build iteration starts.
Number of accumulated asset changes: 6
Feature changed: false
debug: Target(editor) build started.
debug: Detected change: cce:/internal/x/cc. Last mtime: Thu Jan 01 1970 03:00:14 GMT+0300 (Moscow Standard Time), Current mtime: Thu Jan 01 1970 03:00:10 GMT+0300 (Moscow Standard Time)
debug: Inspect cce:/internal/x/cc
debug: Resolve cce:/internal/x/cc-fu/base from cce:/internal/x/cc as external dependency cce:/internal/x/cc-fu/base.
debug: Resolve cce:/internal/x/cc-fu/gfx-webgl from cce:/internal/x/cc as external dependency cce:/internal/x/cc-fu/gfx-webgl.
debug: Resolve cce:/internal/x/cc-fu/gfx-webgl2 from cce:/internal/x/cc as external dependency cce:/internal/x/cc-fu/gfx-webgl2.
debug: Resolve cce:/internal/x/cc-fu/gfx-empty from cce:/internal/x/cc as external dependency cce:/internal/x/cc-fu/gfx-empty.
debug: Resolve cce:/internal/x/cc-fu/3d from cce:/internal/x/cc as external dependency cce:/internal/x/cc-fu/3d.
debug: Resolve cce:/internal/x/cc-fu/animation from cce:/internal/x/cc as external dependency cce:/internal/x/cc-fu/animation.
debug: Resolve cce:/internal/x/cc-fu/skeletal-animation from cce:/internal/x/cc as external dependency cce:/internal/x/cc-fu/skeletal-animation.
debug: Resolve cce:/internal/x/cc-fu/2d from cce:/internal/x/cc as external dependency cce:/internal/x/cc-fu/2d.
debug: Resolve cce:/internal/x/cc-fu/sorting from cce:/internal/x/cc as external dependency cce:/internal/x/cc-fu/sorting.
debug: Resolve cce:/internal/x/cc-fu/ui from cce:/internal/x/cc as external dependency cce:/internal/x/cc-fu/ui.
debug: Resolve cce:/internal/x/cc-fu/particle from cce:/internal/x/cc as external dependency cce:/internal/x/cc-fu/particle.
debug: Resolve cce:/internal/x/cc-fu/particle-2d from cce:/internal/x/cc as external dependency cce:/internal/x/cc-fu/particle-2d.
debug: Resolve cce:/internal/x/cc-fu/physics-framework from cce:/internal/x/cc as external dependency cce:/internal/x/cc-fu/physics-framework.
debug: Resolve cce:/internal/x/cc-fu/physics-2d-framework from cce:/internal/x/cc as external dependency cce:/internal/x/cc-fu/physics-2d-framework.
debug: Resolve cce:/internal/x/cc-fu/intersection-2d from cce:/internal/x/cc as external dependency cce:/internal/x/cc-fu/intersection-2d.
debug: Resolve cce:/internal/x/cc-fu/primitive from cce:/internal/x/cc as external dependency cce:/internal/x/cc-fu/primitive.
debug: Resolve cce:/internal/x/cc-fu/profiler from cce:/internal/x/cc as external dependency cce:/internal/x/cc-fu/profiler.
debug: Resolve cce:/internal/x/cc-fu/geometry-renderer from cce:/internal/x/cc as external dependency cce:/internal/x/cc-fu/geometry-renderer.
debug: Resolve cce:/internal/x/cc-fu/audio from cce:/internal/x/cc as external dependency cce:/internal/x/cc-fu/audio.
debug: Resolve cce:/internal/x/cc-fu/video from cce:/internal/x/cc as external dependency cce:/internal/x/cc-fu/video.
debug: Resolve cce:/internal/x/cc-fu/xr from cce:/internal/x/cc as external dependency cce:/internal/x/cc-fu/xr.
debug: Resolve cce:/internal/x/cc-fu/light-probe from cce:/internal/x/cc as external dependency cce:/internal/x/cc-fu/light-probe.
debug: Resolve cce:/internal/x/cc-fu/terrain from cce:/internal/x/cc as external dependency cce:/internal/x/cc-fu/terrain.
debug: Resolve cce:/internal/x/cc-fu/webview from cce:/internal/x/cc as external dependency cce:/internal/x/cc-fu/webview.
debug: Resolve cce:/internal/x/cc-fu/tween from cce:/internal/x/cc as external dependency cce:/internal/x/cc-fu/tween.
debug: Resolve cce:/internal/x/cc-fu/tiled-map from cce:/internal/x/cc as external dependency cce:/internal/x/cc-fu/tiled-map.
debug: Resolve cce:/internal/x/cc-fu/spine from cce:/internal/x/cc as external dependency cce:/internal/x/cc-fu/spine.
debug: Resolve cce:/internal/x/cc-fu/dragon-bones from cce:/internal/x/cc as external dependency cce:/internal/x/cc-fu/dragon-bones.
debug: Resolve cce:/internal/x/cc-fu/custom-pipeline from cce:/internal/x/cc as external dependency cce:/internal/x/cc-fu/custom-pipeline.
debug: Detected change: cce:/internal/x/prerequisite-imports. Last mtime: Thu Jan 01 1970 03:25:30 GMT+0300 (Moscow Standard Time), Current mtime: Thu Jan 01 1970 03:00:10 GMT+0300 (Moscow Standard Time)
debug: Inspect cce:/internal/x/prerequisite-imports
debug: Resolve file:///Users/playgendary/wn/1/test_rockstone/assets/scripts/Events.ts from cce:/internal/x/prerequisite-imports as file:///Users/playgendary/wn/1/test_rockstone/assets/scripts/Events.ts.
debug: Resolve cc from file:///Users/playgendary/wn/1/test_rockstone/assets/scripts/Events.ts as cce:/internal/x/cc.
debug: Resolve file:///Users/playgendary/wn/1/test_rockstone/assets/scripts/FieldWatcher.ts from cce:/internal/x/prerequisite-imports as file:///Users/playgendary/wn/1/test_rockstone/assets/scripts/FieldWatcher.ts.
debug: Resolve cce:/internal/code-quality/cr.mjs from file:///Users/playgendary/wn/1/test_rockstone/assets/scripts/FieldWatcher.ts as cce:/internal/code-quality/cr.mjs.
debug: Detected change: cce:/internal/code-quality/cr.mjs. Last mtime: Tue Jan 24 2023 16:21:06 GMT+0300 (Moscow Standard Time), Current mtime: Wed Jan 25 2023 14:55:57 GMT+0300 (Moscow Standard Time)
debug: Inspect cce:/internal/code-quality/cr.mjs
debug: Resolve cc from file:///Users/playgendary/wn/1/test_rockstone/assets/scripts/FieldWatcher.ts as cce:/internal/x/cc.
debug: Resolve cc from file:///Users/playgendary/wn/1/test_rockstone/assets/scripts/FieldWatcher.ts as cce:/internal/x/cc.
debug: Resolve cc from file:///Users/playgendary/wn/1/test_rockstone/assets/scripts/FieldWatcher.ts as cce:/internal/x/cc.
debug: Resolve ./Events from file:///Users/playgendary/wn/1/test_rockstone/assets/scripts/FieldWatcher.ts as file:///Users/playgendary/wn/1/test_rockstone/assets/scripts/Events.ts.
debug: Resolve ./Item from file:///Users/playgendary/wn/1/test_rockstone/assets/scripts/FieldWatcher.ts as file:///Users/playgendary/wn/1/test_rockstone/assets/scripts/Item.ts.
debug: Resolve cce:/internal/code-quality/cr.mjs from file:///Users/playgendary/wn/1/test_rockstone/assets/scripts/Item.ts as cce:/internal/code-quality/cr.mjs.
debug: Resolve cc from file:///Users/playgendary/wn/1/test_rockstone/assets/scripts/Item.ts as cce:/internal/x/cc.
debug: Resolve cc from file:///Users/playgendary/wn/1/test_rockstone/assets/scripts/Item.ts as cce:/internal/x/cc.
debug: Resolve cc from file:///Users/playgendary/wn/1/test_rockstone/assets/scripts/Item.ts as cce:/internal/x/cc.
debug: Resolve ./ItemType from file:///Users/playgendary/wn/1/test_rockstone/assets/scripts/Item.ts as file:///Users/playgendary/wn/1/test_rockstone/assets/scripts/ItemType.ts.
debug: Resolve cc from file:///Users/playgendary/wn/1/test_rockstone/assets/scripts/ItemType.ts as cce:/internal/x/cc.
debug: Resolve ./InputType from file:///Users/playgendary/wn/1/test_rockstone/assets/scripts/Item.ts as file:///Users/playgendary/wn/1/test_rockstone/assets/scripts/InputType.ts.
debug: Resolve cc from file:///Users/playgendary/wn/1/test_rockstone/assets/scripts/InputType.ts as cce:/internal/x/cc.
debug: Resolve ./Events from file:///Users/playgendary/wn/1/test_rockstone/assets/scripts/Item.ts as file:///Users/playgendary/wn/1/test_rockstone/assets/scripts/Events.ts.
debug: Resolve file:///Users/playgendary/wn/1/test_rockstone/assets/scripts/InputCatcher.ts from cce:/internal/x/prerequisite-imports as file:///Users/playgendary/wn/1/test_rockstone/assets/scripts/InputCatcher.ts.
debug: Resolve cce:/internal/code-quality/cr.mjs from file:///Users/playgendary/wn/1/test_rockstone/assets/scripts/InputCatcher.ts as cce:/internal/code-quality/cr.mjs.
debug: Resolve cc from file:///Users/playgendary/wn/1/test_rockstone/assets/scripts/InputCatcher.ts as cce:/internal/x/cc.
debug: Resolve cc from file:///Users/playgendary/wn/1/test_rockstone/assets/scripts/InputCatcher.ts as cce:/internal/x/cc.
debug: Resolve cc from file:///Users/playgendary/wn/1/test_rockstone/assets/scripts/InputCatcher.ts as cce:/internal/x/cc.
debug: Resolve ./Events from file:///Users/playgendary/wn/1/test_rockstone/assets/scripts/InputCatcher.ts as file:///Users/playgendary/wn/1/test_rockstone/assets/scripts/Events.ts.
debug: Resolve ./InputType from file:///Users/playgendary/wn/1/test_rockstone/assets/scripts/InputCatcher.ts as file:///Users/playgendary/wn/1/test_rockstone/assets/scripts/InputType.ts.
debug: Resolve file:///Users/playgendary/wn/1/test_rockstone/assets/scripts/InputType.ts from cce:/internal/x/prerequisite-imports as file:///Users/playgendary/wn/1/test_rockstone/assets/scripts/InputType.ts.
debug: Resolve file:///Users/playgendary/wn/1/test_rockstone/assets/scripts/Item.ts from cce:/internal/x/prerequisite-imports as file:///Users/playgendary/wn/1/test_rockstone/assets/scripts/Item.ts.
debug: Resolve file:///Users/playgendary/wn/1/test_rockstone/assets/scripts/ItemType.ts from cce:/internal/x/prerequisite-imports as file:///Users/playgendary/wn/1/test_rockstone/assets/scripts/ItemType.ts.
debug: Target(editor) ends with cost 123.57020699977875ms.
debug: Target(preview) build started.
debug: Detected change: cce:/internal/x/cc. Last mtime: Thu Jan 01 1970 03:00:14 GMT+0300 (Moscow Standard Time), Current mtime: Thu Jan 01 1970 03:00:10 GMT+0300 (Moscow Standard Time)
debug: Inspect cce:/internal/x/cc
debug: Resolve cce:/internal/x/cc-fu/2d from cce:/internal/x/cc as external dependency cce:/internal/x/cc-fu/2d.
debug: Resolve cce:/internal/x/cc-fu/sorting from cce:/internal/x/cc as external dependency cce:/internal/x/cc-fu/sorting.
debug: Resolve cce:/internal/x/cc-fu/animation from cce:/internal/x/cc as external dependency cce:/internal/x/cc-fu/animation.
debug: Resolve cce:/internal/x/cc-fu/audio from cce:/internal/x/cc as external dependency cce:/internal/x/cc-fu/audio.
debug: Resolve cce:/internal/x/cc-fu/base from cce:/internal/x/cc as external dependency cce:/internal/x/cc-fu/base.
debug: Resolve cce:/internal/x/cc-fu/dragon-bones from cce:/internal/x/cc as external dependency cce:/internal/x/cc-fu/dragon-bones.
debug: Resolve cce:/internal/x/cc-fu/gfx-webgl from cce:/internal/x/cc as external dependency cce:/internal/x/cc-fu/gfx-webgl.
debug: Resolve cce:/internal/x/cc-fu/gfx-webgl2 from cce:/internal/x/cc as external dependency cce:/internal/x/cc-fu/gfx-webgl2.
debug: Resolve cce:/internal/x/cc-fu/intersection-2d from cce:/internal/x/cc as external dependency cce:/internal/x/cc-fu/intersection-2d.
debug: Resolve cce:/internal/x/cc-fu/light-probe from cce:/internal/x/cc as external dependency cce:/internal/x/cc-fu/light-probe.
debug: Resolve cce:/internal/x/cc-fu/particle-2d from cce:/internal/x/cc as external dependency cce:/internal/x/cc-fu/particle-2d.
debug: Resolve cce:/internal/x/cc-fu/physics-2d-box2d from cce:/internal/x/cc as external dependency cce:/internal/x/cc-fu/physics-2d-box2d.
debug: Resolve cce:/internal/x/cc-fu/physics-2d-framework from cce:/internal/x/cc as external dependency cce:/internal/x/cc-fu/physics-2d-framework.
debug: Resolve cce:/internal/x/cc-fu/profiler from cce:/internal/x/cc as external dependency cce:/internal/x/cc-fu/profiler.
debug: Resolve cce:/internal/x/cc-fu/skeletal-animation from cce:/internal/x/cc as external dependency cce:/internal/x/cc-fu/skeletal-animation.
debug: Resolve cce:/internal/x/cc-fu/spine from cce:/internal/x/cc as external dependency cce:/internal/x/cc-fu/spine.
debug: Resolve cce:/internal/x/cc-fu/tiled-map from cce:/internal/x/cc as external dependency cce:/internal/x/cc-fu/tiled-map.
debug: Resolve cce:/internal/x/cc-fu/tween from cce:/internal/x/cc as external dependency cce:/internal/x/cc-fu/tween.
debug: Resolve cce:/internal/x/cc-fu/ui from cce:/internal/x/cc as external dependency cce:/internal/x/cc-fu/ui.
debug: Resolve cce:/internal/x/cc-fu/video from cce:/internal/x/cc as external dependency cce:/internal/x/cc-fu/video.
debug: Resolve cce:/internal/x/cc-fu/webview from cce:/internal/x/cc as external dependency cce:/internal/x/cc-fu/webview.
debug: Detected change: cce:/internal/x/prerequisite-imports. Last mtime: Thu Jan 01 1970 03:25:30 GMT+0300 (Moscow Standard Time), Current mtime: Thu Jan 01 1970 03:00:10 GMT+0300 (Moscow Standard Time)
debug: Inspect cce:/internal/x/prerequisite-imports
debug: Resolve file:///Users/playgendary/wn/1/test_rockstone/assets/scripts/Events.ts from cce:/internal/x/prerequisite-imports as file:///Users/playgendary/wn/1/test_rockstone/assets/scripts/Events.ts.
debug: Resolve cc from file:///Users/playgendary/wn/1/test_rockstone/assets/scripts/Events.ts as cce:/internal/x/cc.
debug: Resolve file:///Users/playgendary/wn/1/test_rockstone/assets/scripts/FieldWatcher.ts from cce:/internal/x/prerequisite-imports as file:///Users/playgendary/wn/1/test_rockstone/assets/scripts/FieldWatcher.ts.
debug: Resolve cce:/internal/code-quality/cr.mjs from file:///Users/playgendary/wn/1/test_rockstone/assets/scripts/FieldWatcher.ts as cce:/internal/code-quality/cr.mjs.
debug: Detected change: cce:/internal/code-quality/cr.mjs. Last mtime: Tue Jan 24 2023 16:21:06 GMT+0300 (Moscow Standard Time), Current mtime: Wed Jan 25 2023 14:55:57 GMT+0300 (Moscow Standard Time)
debug: Inspect cce:/internal/code-quality/cr.mjs
debug: Resolve cc from file:///Users/playgendary/wn/1/test_rockstone/assets/scripts/FieldWatcher.ts as cce:/internal/x/cc.
debug: Resolve cc from file:///Users/playgendary/wn/1/test_rockstone/assets/scripts/FieldWatcher.ts as cce:/internal/x/cc.
debug: Resolve cc from file:///Users/playgendary/wn/1/test_rockstone/assets/scripts/FieldWatcher.ts as cce:/internal/x/cc.
debug: Resolve ./Events from file:///Users/playgendary/wn/1/test_rockstone/assets/scripts/FieldWatcher.ts as file:///Users/playgendary/wn/1/test_rockstone/assets/scripts/Events.ts.
debug: Resolve ./Item from file:///Users/playgendary/wn/1/test_rockstone/assets/scripts/FieldWatcher.ts as file:///Users/playgendary/wn/1/test_rockstone/assets/scripts/Item.ts.
debug: Resolve cce:/internal/code-quality/cr.mjs from file:///Users/playgendary/wn/1/test_rockstone/assets/scripts/Item.ts as cce:/internal/code-quality/cr.mjs.
debug: Resolve cc from file:///Users/playgendary/wn/1/test_rockstone/assets/scripts/Item.ts as cce:/internal/x/cc.
debug: Resolve cc from file:///Users/playgendary/wn/1/test_rockstone/assets/scripts/Item.ts as cce:/internal/x/cc.
debug: Resolve cc from file:///Users/playgendary/wn/1/test_rockstone/assets/scripts/Item.ts as cce:/internal/x/cc.
debug: Resolve ./ItemType from file:///Users/playgendary/wn/1/test_rockstone/assets/scripts/Item.ts as file:///Users/playgendary/wn/1/test_rockstone/assets/scripts/ItemType.ts.
debug: Resolve cc from file:///Users/playgendary/wn/1/test_rockstone/assets/scripts/ItemType.ts as cce:/internal/x/cc.
debug: Resolve ./InputType from file:///Users/playgendary/wn/1/test_rockstone/assets/scripts/Item.ts as file:///Users/playgendary/wn/1/test_rockstone/assets/scripts/InputType.ts.
debug: Resolve cc from file:///Users/playgendary/wn/1/test_rockstone/assets/scripts/InputType.ts as cce:/internal/x/cc.
debug: Resolve ./Events from file:///Users/playgendary/wn/1/test_rockstone/assets/scripts/Item.ts as file:///Users/playgendary/wn/1/test_rockstone/assets/scripts/Events.ts.
debug: Resolve file:///Users/playgendary/wn/1/test_rockstone/assets/scripts/InputCatcher.ts from cce:/internal/x/prerequisite-imports as file:///Users/playgendary/wn/1/test_rockstone/assets/scripts/InputCatcher.ts.
debug: Resolve cce:/internal/code-quality/cr.mjs from file:///Users/playgendary/wn/1/test_rockstone/assets/scripts/InputCatcher.ts as cce:/internal/code-quality/cr.mjs.
debug: Resolve cc from file:///Users/playgendary/wn/1/test_rockstone/assets/scripts/InputCatcher.ts as cce:/internal/x/cc.
debug: Resolve cc from file:///Users/playgendary/wn/1/test_rockstone/assets/scripts/InputCatcher.ts as cce:/internal/x/cc.
debug: Resolve cc from file:///Users/playgendary/wn/1/test_rockstone/assets/scripts/InputCatcher.ts as cce:/internal/x/cc.
debug: Resolve ./Events from file:///Users/playgendary/wn/1/test_rockstone/assets/scripts/InputCatcher.ts as file:///Users/playgendary/wn/1/test_rockstone/assets/scripts/Events.ts.
debug: Resolve ./InputType from file:///Users/playgendary/wn/1/test_rockstone/assets/scripts/InputCatcher.ts as file:///Users/playgendary/wn/1/test_rockstone/assets/scripts/InputType.ts.
debug: Resolve file:///Users/playgendary/wn/1/test_rockstone/assets/scripts/InputType.ts from cce:/internal/x/prerequisite-imports as file:///Users/playgendary/wn/1/test_rockstone/assets/scripts/InputType.ts.
debug: Resolve file:///Users/playgendary/wn/1/test_rockstone/assets/scripts/Item.ts from cce:/internal/x/prerequisite-imports as file:///Users/playgendary/wn/1/test_rockstone/assets/scripts/Item.ts.
debug: Resolve file:///Users/playgendary/wn/1/test_rockstone/assets/scripts/ItemType.ts from cce:/internal/x/prerequisite-imports as file:///Users/playgendary/wn/1/test_rockstone/assets/scripts/ItemType.ts.
debug: Target(preview) ends with cost 365.26099400036037ms.
debug: Pulling asset-db.
debug: Fetch asset-db cost: 3692.749071000144ms.
debug: Build iteration starts.
Number of accumulated asset changes: 6
Feature changed: false
debug: Target(editor) build started.
debug: Detected change: cce:/internal/x/prerequisite-imports. Last mtime: Thu Jan 01 1970 03:00:10 GMT+0300 (Moscow Standard Time), Current mtime: Thu Jan 01 1970 03:00:18 GMT+0300 (Moscow Standard Time)
debug: Inspect cce:/internal/x/prerequisite-imports
debug: Resolve file:///Users/playgendary/wn/1/test_rockstone/assets/scripts/Events.ts from cce:/internal/x/prerequisite-imports as file:///Users/playgendary/wn/1/test_rockstone/assets/scripts/Events.ts.
debug: Resolve file:///Users/playgendary/wn/1/test_rockstone/assets/scripts/FieldWatcher.ts from cce:/internal/x/prerequisite-imports as file:///Users/playgendary/wn/1/test_rockstone/assets/scripts/FieldWatcher.ts.
debug: Resolve file:///Users/playgendary/wn/1/test_rockstone/assets/scripts/InputCatcher.ts from cce:/internal/x/prerequisite-imports as file:///Users/playgendary/wn/1/test_rockstone/assets/scripts/InputCatcher.ts.
debug: Resolve file:///Users/playgendary/wn/1/test_rockstone/assets/scripts/InputType.ts from cce:/internal/x/prerequisite-imports as file:///Users/playgendary/wn/1/test_rockstone/assets/scripts/InputType.ts.
debug: Resolve file:///Users/playgendary/wn/1/test_rockstone/assets/scripts/Item.ts from cce:/internal/x/prerequisite-imports as file:///Users/playgendary/wn/1/test_rockstone/assets/scripts/Item.ts.
debug: Resolve file:///Users/playgendary/wn/1/test_rockstone/assets/scripts/ItemType.ts from cce:/internal/x/prerequisite-imports as file:///Users/playgendary/wn/1/test_rockstone/assets/scripts/ItemType.ts.
debug: Target(editor) ends with cost 146.73461499996483ms.
debug: Target(preview) build started.
debug: Detected change: cce:/internal/x/prerequisite-imports. Last mtime: Thu Jan 01 1970 03:00:10 GMT+0300 (Moscow Standard Time), Current mtime: Thu Jan 01 1970 03:00:19 GMT+0300 (Moscow Standard Time)
debug: Inspect cce:/internal/x/prerequisite-imports
debug: Resolve file:///Users/playgendary/wn/1/test_rockstone/assets/scripts/Events.ts from cce:/internal/x/prerequisite-imports as file:///Users/playgendary/wn/1/test_rockstone/assets/scripts/Events.ts.
debug: Resolve file:///Users/playgendary/wn/1/test_rockstone/assets/scripts/FieldWatcher.ts from cce:/internal/x/prerequisite-imports as file:///Users/playgendary/wn/1/test_rockstone/assets/scripts/FieldWatcher.ts.
debug: Resolve file:///Users/playgendary/wn/1/test_rockstone/assets/scripts/InputCatcher.ts from cce:/internal/x/prerequisite-imports as file:///Users/playgendary/wn/1/test_rockstone/assets/scripts/InputCatcher.ts.
debug: Resolve file:///Users/playgendary/wn/1/test_rockstone/assets/scripts/InputType.ts from cce:/internal/x/prerequisite-imports as file:///Users/playgendary/wn/1/test_rockstone/assets/scripts/InputType.ts.
debug: Resolve file:///Users/playgendary/wn/1/test_rockstone/assets/scripts/Item.ts from cce:/internal/x/prerequisite-imports as file:///Users/playgendary/wn/1/test_rockstone/assets/scripts/Item.ts.
debug: Resolve file:///Users/playgendary/wn/1/test_rockstone/assets/scripts/ItemType.ts from cce:/internal/x/prerequisite-imports as file:///Users/playgendary/wn/1/test_rockstone/assets/scripts/ItemType.ts.
debug: Target(preview) ends with cost 40.67512599937618ms.
debug: Dispatch build request for time accumulated 1 asset changes.
debug: Build iteration starts.
Number of accumulated asset changes: 1
Feature changed: false
debug: Target(editor) build started.
debug: Detected change: cce:/internal/x/prerequisite-imports. Last mtime: Thu Jan 01 1970 03:00:18 GMT+0300 (Moscow Standard Time), Current mtime: Thu Jan 01 1970 03:06:35 GMT+0300 (Moscow Standard Time)
debug: Inspect cce:/internal/x/prerequisite-imports
debug: Resolve file:///Users/playgendary/wn/1/test_rockstone/assets/scripts/Events.ts from cce:/internal/x/prerequisite-imports as file:///Users/playgendary/wn/1/test_rockstone/assets/scripts/Events.ts.
debug: Resolve file:///Users/playgendary/wn/1/test_rockstone/assets/scripts/FieldWatcher.ts from cce:/internal/x/prerequisite-imports as file:///Users/playgendary/wn/1/test_rockstone/assets/scripts/FieldWatcher.ts.
debug: Detected change: file:///Users/playgendary/wn/1/test_rockstone/assets/scripts/Item.ts. Last mtime: Tue Jan 24 2023 16:46:35 GMT+0300 (Moscow Standard Time)@f21356a8-7333-4eb9-8dbb-02611967eb5b, Current mtime: Wed Jan 25 2023 15:02:30 GMT+0300 (Moscow Standard Time)@f21356a8-7333-4eb9-8dbb-02611967eb5b
debug: Inspect file:///Users/playgendary/wn/1/test_rockstone/assets/scripts/Item.ts
debug: Resolve cce:/internal/code-quality/cr.mjs from file:///Users/playgendary/wn/1/test_rockstone/assets/scripts/Item.ts as cce:/internal/code-quality/cr.mjs.
debug: Resolve cc from file:///Users/playgendary/wn/1/test_rockstone/assets/scripts/Item.ts as cce:/internal/x/cc.
debug: Resolve cc from file:///Users/playgendary/wn/1/test_rockstone/assets/scripts/Item.ts as cce:/internal/x/cc.
debug: Resolve cc from file:///Users/playgendary/wn/1/test_rockstone/assets/scripts/Item.ts as cce:/internal/x/cc.
debug: Resolve ./ItemType from file:///Users/playgendary/wn/1/test_rockstone/assets/scripts/Item.ts as file:///Users/playgendary/wn/1/test_rockstone/assets/scripts/ItemType.ts.
debug: Resolve ./InputType from file:///Users/playgendary/wn/1/test_rockstone/assets/scripts/Item.ts as file:///Users/playgendary/wn/1/test_rockstone/assets/scripts/InputType.ts.
debug: Resolve ./Events from file:///Users/playgendary/wn/1/test_rockstone/assets/scripts/Item.ts as file:///Users/playgendary/wn/1/test_rockstone/assets/scripts/Events.ts.
debug: Resolve file:///Users/playgendary/wn/1/test_rockstone/assets/scripts/InputCatcher.ts from cce:/internal/x/prerequisite-imports as file:///Users/playgendary/wn/1/test_rockstone/assets/scripts/InputCatcher.ts.
debug: Resolve file:///Users/playgendary/wn/1/test_rockstone/assets/scripts/InputType.ts from cce:/internal/x/prerequisite-imports as file:///Users/playgendary/wn/1/test_rockstone/assets/scripts/InputType.ts.
debug: Resolve file:///Users/playgendary/wn/1/test_rockstone/assets/scripts/Item.ts from cce:/internal/x/prerequisite-imports as file:///Users/playgendary/wn/1/test_rockstone/assets/scripts/Item.ts.
debug: Resolve file:///Users/playgendary/wn/1/test_rockstone/assets/scripts/ItemType.ts from cce:/internal/x/prerequisite-imports as file:///Users/playgendary/wn/1/test_rockstone/assets/scripts/ItemType.ts.
debug: Target(editor) ends with cost 231.21548900008202ms.
debug: Target(preview) build started.
debug: Detected change: cce:/internal/x/prerequisite-imports. Last mtime: Thu Jan 01 1970 03:00:19 GMT+0300 (Moscow Standard Time), Current mtime: Thu Jan 01 1970 03:06:35 GMT+0300 (Moscow Standard Time)
debug: Inspect cce:/internal/x/prerequisite-imports
debug: Resolve file:///Users/playgendary/wn/1/test_rockstone/assets/scripts/Events.ts from cce:/internal/x/prerequisite-imports as file:///Users/playgendary/wn/1/test_rockstone/assets/scripts/Events.ts.
debug: Resolve file:///Users/playgendary/wn/1/test_rockstone/assets/scripts/FieldWatcher.ts from cce:/internal/x/prerequisite-imports as file:///Users/playgendary/wn/1/test_rockstone/assets/scripts/FieldWatcher.ts.
debug: Detected change: file:///Users/playgendary/wn/1/test_rockstone/assets/scripts/Item.ts. Last mtime: Tue Jan 24 2023 16:46:35 GMT+0300 (Moscow Standard Time)@f21356a8-7333-4eb9-8dbb-02611967eb5b, Current mtime: Wed Jan 25 2023 15:02:30 GMT+0300 (Moscow Standard Time)@f21356a8-7333-4eb9-8dbb-02611967eb5b
debug: Inspect file:///Users/playgendary/wn/1/test_rockstone/assets/scripts/Item.ts
debug: Resolve cce:/internal/code-quality/cr.mjs from file:///Users/playgendary/wn/1/test_rockstone/assets/scripts/Item.ts as cce:/internal/code-quality/cr.mjs.
debug: Resolve cc from file:///Users/playgendary/wn/1/test_rockstone/assets/scripts/Item.ts as cce:/internal/x/cc.
debug: Resolve cc from file:///Users/playgendary/wn/1/test_rockstone/assets/scripts/Item.ts as cce:/internal/x/cc.
debug: Resolve cc from file:///Users/playgendary/wn/1/test_rockstone/assets/scripts/Item.ts as cce:/internal/x/cc.
debug: Resolve ./ItemType from file:///Users/playgendary/wn/1/test_rockstone/assets/scripts/Item.ts as file:///Users/playgendary/wn/1/test_rockstone/assets/scripts/ItemType.ts.
debug: Resolve ./InputType from file:///Users/playgendary/wn/1/test_rockstone/assets/scripts/Item.ts as file:///Users/playgendary/wn/1/test_rockstone/assets/scripts/InputType.ts.
debug: Resolve ./Events from file:///Users/playgendary/wn/1/test_rockstone/assets/scripts/Item.ts as file:///Users/playgendary/wn/1/test_rockstone/assets/scripts/Events.ts.
debug: Resolve file:///Users/playgendary/wn/1/test_rockstone/assets/scripts/InputCatcher.ts from cce:/internal/x/prerequisite-imports as file:///Users/playgendary/wn/1/test_rockstone/assets/scripts/InputCatcher.ts.
debug: Resolve file:///Users/playgendary/wn/1/test_rockstone/assets/scripts/InputType.ts from cce:/internal/x/prerequisite-imports as file:///Users/playgendary/wn/1/test_rockstone/assets/scripts/InputType.ts.
debug: Resolve file:///Users/playgendary/wn/1/test_rockstone/assets/scripts/Item.ts from cce:/internal/x/prerequisite-imports as file:///Users/playgendary/wn/1/test_rockstone/assets/scripts/Item.ts.
debug: Resolve file:///Users/playgendary/wn/1/test_rockstone/assets/scripts/ItemType.ts from cce:/internal/x/prerequisite-imports as file:///Users/playgendary/wn/1/test_rockstone/assets/scripts/ItemType.ts.
debug: Target(preview) ends with cost 341.1878159996122ms.
debug: Dispatch build request for time accumulated 1 asset changes.
debug: Build iteration starts.
Number of accumulated asset changes: 1
Feature changed: false
debug: Target(editor) build started.
debug: Detected change: cce:/internal/x/prerequisite-imports. Last mtime: Thu Jan 01 1970 03:06:35 GMT+0300 (Moscow Standard Time), Current mtime: Thu Jan 01 1970 03:15:33 GMT+0300 (Moscow Standard Time)
debug: Inspect cce:/internal/x/prerequisite-imports
debug: Resolve file:///Users/playgendary/wn/1/test_rockstone/assets/scripts/Events.ts from cce:/internal/x/prerequisite-imports as file:///Users/playgendary/wn/1/test_rockstone/assets/scripts/Events.ts.
debug: Resolve file:///Users/playgendary/wn/1/test_rockstone/assets/scripts/FieldWatcher.ts from cce:/internal/x/prerequisite-imports as file:///Users/playgendary/wn/1/test_rockstone/assets/scripts/FieldWatcher.ts.
debug: Detected change: file:///Users/playgendary/wn/1/test_rockstone/assets/scripts/Item.ts. Last mtime: Wed Jan 25 2023 15:02:30 GMT+0300 (Moscow Standard Time)@f21356a8-7333-4eb9-8dbb-02611967eb5b, Current mtime: Wed Jan 25 2023 15:11:28 GMT+0300 (Moscow Standard Time)@f21356a8-7333-4eb9-8dbb-02611967eb5b
debug: Inspect file:///Users/playgendary/wn/1/test_rockstone/assets/scripts/Item.ts
debug: Resolve cce:/internal/code-quality/cr.mjs from file:///Users/playgendary/wn/1/test_rockstone/assets/scripts/Item.ts as cce:/internal/code-quality/cr.mjs.
debug: Resolve cc from file:///Users/playgendary/wn/1/test_rockstone/assets/scripts/Item.ts as cce:/internal/x/cc.
debug: Resolve cc from file:///Users/playgendary/wn/1/test_rockstone/assets/scripts/Item.ts as cce:/internal/x/cc.
debug: Resolve cc from file:///Users/playgendary/wn/1/test_rockstone/assets/scripts/Item.ts as cce:/internal/x/cc.
debug: Resolve ./ItemType from file:///Users/playgendary/wn/1/test_rockstone/assets/scripts/Item.ts as file:///Users/playgendary/wn/1/test_rockstone/assets/scripts/ItemType.ts.
debug: Resolve ./InputType from file:///Users/playgendary/wn/1/test_rockstone/assets/scripts/Item.ts as file:///Users/playgendary/wn/1/test_rockstone/assets/scripts/InputType.ts.
debug: Resolve ./Events from file:///Users/playgendary/wn/1/test_rockstone/assets/scripts/Item.ts as file:///Users/playgendary/wn/1/test_rockstone/assets/scripts/Events.ts.
debug: Resolve file:///Users/playgendary/wn/1/test_rockstone/assets/scripts/InputCatcher.ts from cce:/internal/x/prerequisite-imports as file:///Users/playgendary/wn/1/test_rockstone/assets/scripts/InputCatcher.ts.
debug: Resolve file:///Users/playgendary/wn/1/test_rockstone/assets/scripts/InputType.ts from cce:/internal/x/prerequisite-imports as file:///Users/playgendary/wn/1/test_rockstone/assets/scripts/InputType.ts.
debug: Resolve file:///Users/playgendary/wn/1/test_rockstone/assets/scripts/Item.ts from cce:/internal/x/prerequisite-imports as file:///Users/playgendary/wn/1/test_rockstone/assets/scripts/Item.ts.
debug: Resolve file:///Users/playgendary/wn/1/test_rockstone/assets/scripts/ItemType.ts from cce:/internal/x/prerequisite-imports as file:///Users/playgendary/wn/1/test_rockstone/assets/scripts/ItemType.ts.
debug: Target(editor) ends with cost 137.49253300018609ms.
debug: Target(preview) build started.
debug: Detected change: cce:/internal/x/prerequisite-imports. Last mtime: Thu Jan 01 1970 03:06:35 GMT+0300 (Moscow Standard Time), Current mtime: Thu Jan 01 1970 03:15:33 GMT+0300 (Moscow Standard Time)
debug: Inspect cce:/internal/x/prerequisite-imports
debug: Resolve file:///Users/playgendary/wn/1/test_rockstone/assets/scripts/Events.ts from cce:/internal/x/prerequisite-imports as file:///Users/playgendary/wn/1/test_rockstone/assets/scripts/Events.ts.
debug: Resolve file:///Users/playgendary/wn/1/test_rockstone/assets/scripts/FieldWatcher.ts from cce:/internal/x/prerequisite-imports as file:///Users/playgendary/wn/1/test_rockstone/assets/scripts/FieldWatcher.ts.
debug: Detected change: file:///Users/playgendary/wn/1/test_rockstone/assets/scripts/Item.ts. Last mtime: Wed Jan 25 2023 15:02:30 GMT+0300 (Moscow Standard Time)@f21356a8-7333-4eb9-8dbb-02611967eb5b, Current mtime: Wed Jan 25 2023 15:11:28 GMT+0300 (Moscow Standard Time)@f21356a8-7333-4eb9-8dbb-02611967eb5b
debug: Inspect file:///Users/playgendary/wn/1/test_rockstone/assets/scripts/Item.ts
debug: Resolve cce:/internal/code-quality/cr.mjs from file:///Users/playgendary/wn/1/test_rockstone/assets/scripts/Item.ts as cce:/internal/code-quality/cr.mjs.
debug: Resolve cc from file:///Users/playgendary/wn/1/test_rockstone/assets/scripts/Item.ts as cce:/internal/x/cc.
debug: Resolve cc from file:///Users/playgendary/wn/1/test_rockstone/assets/scripts/Item.ts as cce:/internal/x/cc.
debug: Resolve cc from file:///Users/playgendary/wn/1/test_rockstone/assets/scripts/Item.ts as cce:/internal/x/cc.
debug: Resolve ./ItemType from file:///Users/playgendary/wn/1/test_rockstone/assets/scripts/Item.ts as file:///Users/playgendary/wn/1/test_rockstone/assets/scripts/ItemType.ts.
debug: Resolve ./InputType from file:///Users/playgendary/wn/1/test_rockstone/assets/scripts/Item.ts as file:///Users/playgendary/wn/1/test_rockstone/assets/scripts/InputType.ts.
debug: Resolve ./Events from file:///Users/playgendary/wn/1/test_rockstone/assets/scripts/Item.ts as file:///Users/playgendary/wn/1/test_rockstone/assets/scripts/Events.ts.
debug: Resolve file:///Users/playgendary/wn/1/test_rockstone/assets/scripts/InputCatcher.ts from cce:/internal/x/prerequisite-imports as file:///Users/playgendary/wn/1/test_rockstone/assets/scripts/InputCatcher.ts.
debug: Resolve file:///Users/playgendary/wn/1/test_rockstone/assets/scripts/InputType.ts from cce:/internal/x/prerequisite-imports as file:///Users/playgendary/wn/1/test_rockstone/assets/scripts/InputType.ts.
debug: Resolve file:///Users/playgendary/wn/1/test_rockstone/assets/scripts/Item.ts from cce:/internal/x/prerequisite-imports as file:///Users/playgendary/wn/1/test_rockstone/assets/scripts/Item.ts.
debug: Resolve file:///Users/playgendary/wn/1/test_rockstone/assets/scripts/ItemType.ts from cce:/internal/x/prerequisite-imports as file:///Users/playgendary/wn/1/test_rockstone/assets/scripts/ItemType.ts.
debug: Target(preview) ends with cost 393.7715750001371ms.
